<?xml version="1.0" encoding="UTF-8"?>
<!-- Generated by org.testng.reporters.JUnitXMLReporter -->
<testsuite ignored="0" hostname="PRITI-PC" failures="0" tests="4" name="Default test(failed)" time="46.3" errors="0" timestamp="2022-04-25T09:42:21 IST">
  <testcase classname="Tranquility.Embrace.login" name="Vadlidlogin" time="12.606"/>
  <testcase classname="Tranquility.Embrace.login" name="NhLogin" time="4.08"/>
  <testcase classname="Tranquility.Embrace.login" name="InValidlogin" time="2.016"/>
  <testcase classname="Tranquility.Embrace.EditSensor" name="editsensor" time="23.071"/>
</testsuite> <!-- Default test(failed) -->
