<?xml version="1.0" encoding="UTF-8"?>
<!-- Generated by org.testng.reporters.JUnitXMLReporter -->
<testsuite ignored="0" hostname="PRITI-PC" failures="0" tests="5" name="Default test" time="33.318" errors="0" timestamp="2022-04-18T16:30:02 IST">
  <testcase classname="Tranquility.Embrace.CreateUser" name="invalidFirstname" time="2.284"/>
  <testcase classname="Tranquility.Embrace.CreateUser" name="invalidemail" time="2.24"/>
  <testcase classname="Tranquility.Embrace.CreateUser" name="invalidconfirmemail" time="6.063"/>
  <testcase classname="Tranquility.Embrace.CreateUser" name="alreayExistsEmail" time="5.839"/>
  <testcase classname="Tranquility.Embrace.CreateUser" name="emptyPassword" time="6.195"/>
</testsuite> <!-- Default test -->
