<?xml version="1.0" encoding="UTF-8"?>
<!-- Generated by org.testng.reporters.JUnitXMLReporter -->
<testsuite ignored="5" hostname="PRITI-PC" failures="0" tests="1" name="Test2" time="1.219" errors="0" timestamp="2022-04-16T18:03:55 IST">
  <testcase classname="APITestClasses.FallDetected" name="fall" time="1.214"/>
  <testcase classname="APITestClasses.PanicButton" name="panicButtonTest" time="0.0">
    <ignored/>
  </testcase> <!-- panicButtonTest -->
  <testcase classname="APITestClasses.AddPlaceAPI" name="addPlace" time="0.0">
    <ignored/>
  </testcase> <!-- addPlace -->
  <testcase classname="APITestClasses.AddPlaceAPI" name="getPlace" time="0.0">
    <ignored/>
  </testcase> <!-- getPlace -->
  <testcase classname="APITestClasses.AddPlaceAPI" name="addSecondPlace" time="0.0">
    <ignored/>
  </testcase> <!-- addSecondPlace -->
  <testcase classname="APITestClasses.AddPlaceAPI" name="deletePlace" time="0.0">
    <ignored/>
  </testcase> <!-- deletePlace -->
</testsuite> <!-- Test2 -->
