<?xml version="1.0" encoding="UTF-8"?>
<!-- Generated by org.testng.reporters.JUnitXMLReporter -->
<testsuite ignored="0" hostname="PRITI-PC" failures="0" tests="9" name="Test" time="85.642" errors="0" timestamp="2022-04-18T16:58:02 IST">
  <testcase classname="Tranquility.Embrace.CreateUser" name="invalidFirstname" time="2.217"/>
  <testcase classname="Tranquility.Embrace.CreateUser" name="invalidemail" time="2.387"/>
  <testcase classname="Tranquility.Embrace.CreateUser" name="invalidconfirmemail" time="5.768"/>
  <testcase classname="Tranquility.Embrace.CreateUser" name="alreayExistsEmail" time="5.814"/>
  <testcase classname="Tranquility.Embrace.CreateUser" name="emptyPassword" time="6.153"/>
  <testcase classname="Tranquility.Embrace.EditSensor" name="editsensor" time="31.48"/>
  <testcase classname="Tranquility.Embrace.login" name="Vadlidlogin" time="10.602"/>
  <testcase classname="Tranquility.Embrace.login" name="NhLogin" time="4.552"/>
  <testcase classname="Tranquility.Embrace.login" name="InValidlogin" time="1.726"/>
</testsuite> <!-- Test -->
