<?xml version="1.0" encoding="UTF-8"?>
<!-- Generated by org.testng.reporters.JUnitXMLReporter -->
<testsuite ignored="2" hostname="PRITI-PC" failures="0" tests="4" name="Test1" time="16.783" errors="0" timestamp="2022-04-16T18:03:53 IST">
  <testcase classname="APITestClasses.HouseTemp" name="houseTempTest" time="12.68"/>
  <testcase classname="APITestClasses.HouseTemp" name="houseTempTest" time="1.433"/>
  <testcase classname="APITestClasses.HouseTemp" name="houseTempTest" time="1.321"/>
  <testcase classname="APITestClasses.HouseTemp" name="houseTempTest" time="1.254"/>
  <testcase classname="APITestClasses.Smoke" name="smokeCO" time="0.0">
    <ignored/>
  </testcase> <!-- smokeCO -->
  <testcase classname="APITestClasses.Smoke" name="smokeCO2" time="0.0">
    <ignored/>
  </testcase> <!-- smokeCO2 -->
</testsuite> <!-- Test1 -->
