<?xml version="1.0" encoding="UTF-8"?>
<!-- Generated by org.testng.reporters.JUnitXMLReporter -->
<testsuite ignored="0" hostname="PRITI-PC" failures="0" tests="5" name="Command line test" time="31.013" errors="0" timestamp="2022-04-26T20:16:59 IST">
  <testcase classname="Tranquility.Embrace.CreateUser" name="invalidFirstname" time="2.081"/>
  <testcase classname="Tranquility.Embrace.CreateUser" name="invalidemail" time="1.545"/>
  <testcase classname="Tranquility.Embrace.CreateUser" name="invalidconfirmemail" time="6.105"/>
  <testcase classname="Tranquility.Embrace.CreateUser" name="alreayExistsEmail" time="5.974"/>
  <testcase classname="Tranquility.Embrace.CreateUser" name="emptyPassword" time="5.944"/>
</testsuite> <!-- Command line test -->
