<?xml version="1.0" encoding="UTF-8"?>
<!-- Generated by org.testng.reporters.JUnitXMLReporter -->
<testsuite ignored="4" hostname="PRITI-PC" failures="0" tests="5" name="Test" time="80.552" errors="0" timestamp="2022-04-26T20:03:13 IST">
  <testcase classname="Tranquility.Embrace.EditSensor" name="editsensor" time="29.704"/>
  <testcase classname="Tranquility.Embrace.login" name="Vadlidlogin" time="14.273"/>
  <testcase classname="Tranquility.Embrace.login" name="NhLogin" time="4.4"/>
  <testcase classname="Tranquility.Embrace.CreateUser" name="invalidFirstname" time="2.05"/>
  <testcase classname="Tranquility.Embrace.CreateUser" name="invalidemail" time="1.913"/>
  <testcase classname="Tranquility.Embrace.login" name="InValidlogin" time="0.0">
    <ignored/>
  </testcase> <!-- InValidlogin -->
  <testcase classname="Tranquility.Embrace.CreateUser" name="alreayExistsEmail" time="0.0">
    <ignored/>
  </testcase> <!-- alreayExistsEmail -->
  <testcase classname="Tranquility.Embrace.CreateUser" name="emptyPassword" time="0.0">
    <ignored/>
  </testcase> <!-- emptyPassword -->
  <testcase classname="Tranquility.Embrace.CreateUser" name="invalidconfirmemail" time="0.0">
    <ignored/>
  </testcase> <!-- invalidconfirmemail -->
</testsuite> <!-- Test -->
