<?xml version="1.0" encoding="UTF-8" ?>
<testsuite tests="5" failures="0" name="Tranquility.Embrace.CreateUser" time="21.772" errors="0" skipped="0">
  <properties>
[...]
</properties>
  <testcase classname="Tranquility.Embrace.CreateUser" name="invalidFirstname" time="2.203"/>
  <testcase classname="Tranquility.Embrace.CreateUser" name="invalidemail" time="1.546"/>
  <testcase classname="Tranquility.Embrace.CreateUser" name="invalidconfirmemail" time="6.105"/>
  <testcase classname="Tranquility.Embrace.CreateUser" name="alreayExistsEmail" time="5.974"/>
  <testcase classname="Tranquility.Embrace.CreateUser" name="emptyPassword" time="5.944"/>
</testsuite>