<?xml version="1.0" encoding="UTF-8"?>
<testng-results ignored="0" total="2" passed="2" failed="0" skipped="0">
  <reporter-output>
  </reporter-output>
  <suite started-at="2022-04-16T18:22:48 IST" name="APITestClasses.MotionTest" finished-at="2022-04-16T18:23:00 IST" duration-ms="12080">
    <groups>
      <group name="Regression">
        <method signature="MotionTest.MotionTest(java.lang.String)[pri:0, instance:APITestClasses.MotionTest@175c2241]" name="MotionTest" class="APITestClasses.MotionTest"/>
      </group> <!-- Regression -->
    </groups>
    <test started-at="2022-04-16T18:22:48 IST" name="Command line test" finished-at="2022-04-16T18:23:00 IST" duration-ms="12080">
      <class name="APITestClasses.MotionTest">
        <test-method signature="MotionTest(java.lang.String)[pri:0, instance:APITestClasses.MotionTest@175c2241]" started-at="2022-04-16T18:22:48 IST" name="MotionTest" data-provider="getMotionData" finished-at="2022-04-16T18:22:59 IST" duration-ms="10754" status="PASS">
          <params>
            <param index="0">
              <value>
                <![CDATA[active]]>
              </value>
            </param>
          </params>
          <reporter-output>
          </reporter-output>
        </test-method> <!-- MotionTest -->
        <test-method signature="MotionTest(java.lang.String)[pri:0, instance:APITestClasses.MotionTest@175c2241]" started-at="2022-04-16T18:22:59 IST" name="MotionTest" data-provider="getMotionData" finished-at="2022-04-16T18:23:00 IST" duration-ms="1258" status="PASS">
          <params>
            <param index="0">
              <value>
                <![CDATA[inactive]]>
              </value>
            </param>
          </params>
          <reporter-output>
          </reporter-output>
        </test-method> <!-- MotionTest -->
      </class> <!-- APITestClasses.MotionTest -->
    </test> <!-- Command line test -->
  </suite> <!-- APITestClasses.MotionTest -->
</testng-results>
