<?xml version="1.0" encoding="UTF-8"?>
<testng-results ignored="0" total="4" passed="4" failed="0" skipped="0">
  <reporter-output>
  </reporter-output>
  <suite started-at="2022-04-25T09:41:34 IST" name="Failed suite [Default suite]" finished-at="2022-04-25T09:42:21 IST" duration-ms="46300">
    <groups>
      <group name="Regression">
        <method signature="EditSensor.editsensor()[pri:0, instance:Tranquility.Embrace.EditSensor@4d5650ae]" name="editsensor" class="Tranquility.Embrace.EditSensor"/>
        <method signature="login.InValidlogin()[pri:3, instance:Tranquility.Embrace.login@60bd273d]" name="InValidlogin" class="Tranquility.Embrace.login"/>
        <method signature="login.NhLogin()[pri:2, instance:Tranquility.Embrace.login@60bd273d]" name="NhLogin" class="Tranquility.Embrace.login"/>
        <method signature="login.Vadlidlogin()[pri:1, instance:Tranquility.Embrace.login@60bd273d]" name="Vadlidlogin" class="Tranquility.Embrace.login"/>
      </group> <!-- Regression -->
      <group name="Smoke">
        <method signature="EditSensor.editsensor()[pri:0, instance:Tranquility.Embrace.EditSensor@4d5650ae]" name="editsensor" class="Tranquility.Embrace.EditSensor"/>
        <method signature="login.NhLogin()[pri:2, instance:Tranquility.Embrace.login@60bd273d]" name="NhLogin" class="Tranquility.Embrace.login"/>
        <method signature="login.Vadlidlogin()[pri:1, instance:Tranquility.Embrace.login@60bd273d]" name="Vadlidlogin" class="Tranquility.Embrace.login"/>
      </group> <!-- Smoke -->
    </groups>
    <test started-at="2022-04-25T09:41:34 IST" name="Default test(failed)" finished-at="2022-04-25T09:42:21 IST" duration-ms="46300">
      <class name="Tranquility.Embrace.EditSensor">
        <test-method is-config="true" signature="setbrowser()[pri:0, instance:Tranquility.Embrace.EditSensor@4d5650ae]" started-at="2022-04-25T09:41:53 IST" name="setbrowser" finished-at="2022-04-25T09:41:57 IST" duration-ms="4381" status="PASS">
          <reporter-output>
          </reporter-output>
        </test-method> <!-- setbrowser -->
        <test-method signature="editsensor()[pri:0, instance:Tranquility.Embrace.EditSensor@4d5650ae]" started-at="2022-04-25T09:41:57 IST" name="editsensor" finished-at="2022-04-25T09:42:20 IST" duration-ms="23071" status="PASS">
          <reporter-output>
          </reporter-output>
        </test-method> <!-- editsensor -->
        <test-method is-config="true" signature="endtest()[pri:0, instance:Tranquility.Embrace.EditSensor@4d5650ae]" started-at="2022-04-25T09:42:20 IST" name="endtest" finished-at="2022-04-25T09:42:21 IST" duration-ms="78" status="PASS">
          <reporter-output>
          </reporter-output>
        </test-method> <!-- endtest -->
      </class> <!-- Tranquility.Embrace.EditSensor -->
      <class name="Tranquility.Embrace.login">
        <test-method is-config="true" signature="setbrowser()[pri:0, instance:Tranquility.Embrace.login@60bd273d]" started-at="2022-04-25T09:41:04 IST" name="setbrowser" finished-at="2022-04-25T09:41:34 IST" duration-ms="30099" status="PASS">
          <reporter-output>
          </reporter-output>
        </test-method> <!-- setbrowser -->
        <test-method signature="Vadlidlogin()[pri:1, instance:Tranquility.Embrace.login@60bd273d]" started-at="2022-04-25T09:41:34 IST" name="Vadlidlogin" finished-at="2022-04-25T09:41:47 IST" duration-ms="12606" status="PASS">
          <reporter-output>
          </reporter-output>
        </test-method> <!-- Vadlidlogin -->
        <test-method signature="NhLogin()[pri:2, instance:Tranquility.Embrace.login@60bd273d]" started-at="2022-04-25T09:41:47 IST" name="NhLogin" finished-at="2022-04-25T09:41:51 IST" duration-ms="4080" status="PASS">
          <reporter-output>
          </reporter-output>
        </test-method> <!-- NhLogin -->
        <test-method signature="InValidlogin()[pri:3, instance:Tranquility.Embrace.login@60bd273d]" started-at="2022-04-25T09:41:51 IST" name="InValidlogin" finished-at="2022-04-25T09:41:53 IST" duration-ms="2016" status="PASS">
          <reporter-output>
          </reporter-output>
        </test-method> <!-- InValidlogin -->
        <test-method is-config="true" signature="closing()[pri:0, instance:Tranquility.Embrace.login@60bd273d]" started-at="2022-04-25T09:42:21 IST" name="closing" finished-at="2022-04-25T09:42:21 IST" duration-ms="66" status="PASS">
          <reporter-output>
          </reporter-output>
        </test-method> <!-- closing -->
      </class> <!-- Tranquility.Embrace.login -->
    </test> <!-- Default test(failed) -->
  </suite> <!-- Failed suite [Default suite] -->
</testng-results>
