<?xml version="1.0" encoding="UTF-8"?>
<!-- Generated by org.testng.reporters.JUnitXMLReporter -->
<testsuite ignored="0" hostname="PRITI-PC" failures="0" tests="11" name="SensorTest" time="19.82" errors="0" timestamp="2022-04-15T19:33:23 IST">
  <testcase classname="APITestClasses.Smoke" name="smoke" time="7.538"/>
  <testcase classname="APITestClasses.Smoke" name="smoke" time="1.25"/>
  <testcase classname="APITestClasses.HouseTemp" name="houseTempTest" time="1.233"/>
  <testcase classname="APITestClasses.HouseTemp" name="houseTempTest" time="1.239"/>
  <testcase classname="APITestClasses.HouseTemp" name="houseTempTest" time="1.219"/>
  <testcase classname="APITestClasses.HouseTemp" name="houseTempTest" time="1.25"/>
  <testcase classname="APITestClasses.FallDetected" name="fall" time="1.182"/>
  <testcase classname="APITestClasses.MotionTest" name="MotionTest" time="1.228"/>
  <testcase classname="APITestClasses.MotionTest" name="MotionTest" time="1.17"/>
  <testcase classname="APITestClasses.PanicButton" name="panicButtonTest" time="1.175"/>
  <testcase classname="APITestClasses.PanicButton" name="panicButtonTest" time="1.195"/>
</testsuite> <!-- SensorTest -->
